0 info it worked if it ends with ok
1 verbose cli [ 'C:\\Program Files\\nodejs\\node.exe',
1 verbose cli   'C:\\Program Files\\nodejs\\node_modules\\npm\\bin\\npm-cli.js',
1 verbose cli   'start' ]
2 info using npm@3.10.10
3 info using node@v6.11.5
4 verbose run-script [ 'prestart', 'start', 'poststart' ]
5 info lifecycle namt-frontend@0.1.0~prestart: namt-frontend@0.1.0
6 silly lifecycle namt-frontend@0.1.0~prestart: no script for prestart, continuing
7 info lifecycle namt-frontend@0.1.0~start: namt-frontend@0.1.0
8 verbose lifecycle namt-frontend@0.1.0~start: unsafe-perm in lifecycle true
9 verbose lifecycle namt-frontend@0.1.0~start: PATH: C:\Program Files\nodejs\node_modules\npm\bin\node-gyp-bin;C:\Users\Mr Viz\Desktop\AdopteMaTomate\tomate_seche_frontend\node_modules\.bin;C:\Users\Mr Viz\bin;C:\Program Files\Git\mingw64\bin;C:\Program Files\Git\usr\local\bin;C:\Program Files\Git\usr\bin;C:\Program Files\Git\usr\bin;C:\Program Files\Git\mingw64\bin;C:\Program Files\Git\usr\bin;C:\Users\Mr Viz\bin;C:\Program Files\Docker\Docker\Resources\bin;C:\ProgramData\Oracle\Java\javapath;C:\Program Files (x86)\NVIDIA Corporation\PhysX\Common;C:\WINDOWS\system32;C:\WINDOWS;C:\WINDOWS\System32\Wbem;C:\WINDOWS\System32\WindowsPowerShell\v1.0;C:\Program Files (x86)\Common Files\Acronis\SnapAPI;C:\Program Files\Intel\WiFi\bin;C:\Program Files\Common Files\Intel\WirelessCommon;C:\Program Files (x86)\GNU\GnuPG\pub;C:\Program Files (x86)\Windows Live\Shared;C:\Program Files (x86)\QuickTime\QTSystem;C:\Program Files\Microsoft SQL Server\110\Tools\Binn;C:\Program Files\Microsoft SQL Server\120\Tools\Binn;C:\Program Files\MiKTeX 2.9\miktex\bin\x64;C:\Program Files (x86)\Dev-Cpp\MinGW32\bin;C:\Program Files (x86)\GtkSharp\2.12\bin;C:\WINDOWS\system32;C:\WINDOWS;C:\WINDOWS\System32\Wbem;C:\WINDOWS\System32\WindowsPowerShell\v1.0;C:\Program Files (x86)\Windows Kits\8.1\Windows Performance Toolkit;C:\Program Files (x86)\Samsung\Samsung PC Studio 3;C:\Program Files (x86)\Skype\Phone;C:\Program Files\Amazon\AWSCLI;C:\Program Files\nodejs;C:\Program Files\Intel\WiFi\bin;C:\Program Files\Common Files\Intel\WirelessCommon;C:\Program Files\Java\jdk1.8.0_40\bin;C:\curl;C:\Program Files (x86)\gnuplot\bin;C:\gtk\bin;C:\Program Files (x86)\Nmap;C:\Users\Mr Viz\AppData\Local\Microsoft\WindowsApps;C:\Program Files (x86)\Atmel\Flip 3.4.7\bin;C:\Program Files\Java\jdk1.8.0_144\bin;C:\Users\Mr Viz\AppData\Roaming\npm;C:\Users\Mr Viz\AppData\Local\atom\bin;C:\Python27;C:\Program Files\Git\usr\bin\vendor_perl;C:\Program Files\Git\usr\bin\core_perl
10 verbose lifecycle namt-frontend@0.1.0~start: CWD: C:\Users\Mr Viz\Desktop\AdopteMaTomate\tomate_seche_frontend
11 silly lifecycle namt-frontend@0.1.0~start: Args: [ '/d /s /c', 'webpack-dev-server' ]
12 silly lifecycle namt-frontend@0.1.0~start: Returned: code: 1  signal: null
13 info lifecycle namt-frontend@0.1.0~start: Failed to exec start script
14 verbose stack Error: namt-frontend@0.1.0 start: `webpack-dev-server`
14 verbose stack Exit status 1
14 verbose stack     at EventEmitter.<anonymous> (C:\Program Files\nodejs\node_modules\npm\lib\utils\lifecycle.js:255:16)
14 verbose stack     at emitTwo (events.js:106:13)
14 verbose stack     at EventEmitter.emit (events.js:191:7)
14 verbose stack     at ChildProcess.<anonymous> (C:\Program Files\nodejs\node_modules\npm\lib\utils\spawn.js:40:14)
14 verbose stack     at emitTwo (events.js:106:13)
14 verbose stack     at ChildProcess.emit (events.js:191:7)
14 verbose stack     at maybeClose (internal/child_process.js:920:16)
14 verbose stack     at Process.ChildProcess._handle.onexit (internal/child_process.js:230:5)
15 verbose pkgid namt-frontend@0.1.0
16 verbose cwd C:\Users\Mr Viz\Desktop\AdopteMaTomate\tomate_seche_frontend
17 error Windows_NT 10.0.15063
18 error argv "C:\\Program Files\\nodejs\\node.exe" "C:\\Program Files\\nodejs\\node_modules\\npm\\bin\\npm-cli.js" "start"
19 error node v6.11.5
20 error npm  v3.10.10
21 error code ELIFECYCLE
22 error namt-frontend@0.1.0 start: `webpack-dev-server`
22 error Exit status 1
23 error Failed at the namt-frontend@0.1.0 start script 'webpack-dev-server'.
23 error Make sure you have the latest version of node.js and npm installed.
23 error If you do, this is most likely a problem with the namt-frontend package,
23 error not with npm itself.
23 error Tell the author that this fails on your system:
23 error     webpack-dev-server
23 error You can get information on how to open an issue for this project with:
23 error     npm bugs namt-frontend
23 error Or if that isn't available, you can get their info via:
23 error     npm owner ls namt-frontend
23 error There is likely additional logging output above.
24 verbose exit [ 1, true ]
